[2025-11-15 05:52:56] Received login attempt for acc_id=adad (debug=0)
[2025-11-15 05:52:56] Statement executed. num_rows=0
[2025-11-15 05:52:56] mysqli_stmt_fetch returned: false
[2025-11-15 05:52:56] No account found for acc_id=adad
[2025-11-15 05:55:35] Received login attempt for acc_id=AC2024-00827 (debug=0)
[2025-11-15 05:55:35] Statement executed. num_rows=1
[2025-11-15 05:55:35] mysqli_stmt_fetch returned: true
[2025-11-15 05:55:35] Found account: acc_id=AC2024-00827, acc_name=Jushtin Valdez, password_length=6
[2025-11-15 05:55:35] password_get_info algo=NULL, is_hash=0
[2025-11-15 05:55:35] plain compare result: 1 (len input=6, len stored=6)
[2025-11-15 05:55:35] Login success for acc_id=AC2024-00827
[2025-11-15 06:16:14] Received login attempt for acc_id=asd (debug=0)
[2025-11-15 06:16:14] Statement executed. num_rows=0
[2025-11-15 06:16:14] mysqli_stmt_fetch returned: false
[2025-11-15 06:16:14] No account found for acc_id=asd
[2025-11-15 06:18:15] Received login attempt for acc_id=AC2024-00827 (debug=0)
[2025-11-15 06:18:15] Statement executed. num_rows=1
[2025-11-15 06:18:15] mysqli_stmt_fetch returned: true
[2025-11-15 06:18:15] Found account: acc_id=AC2024-00827, acc_name=Jushtin Valdez, password_length=6
[2025-11-15 06:18:15] password_get_info algo=NULL, is_hash=0
[2025-11-15 06:18:15] plain compare result: 1 (len input=6, len stored=6)
[2025-11-15 06:18:15] Login success for acc_id=AC2024-00827
[2025-11-15 06:33:51] Received login attempt for acc_id=AC2024-00827 (debug=0)
[2025-11-15 06:33:51] Statement executed. num_rows=1
[2025-11-15 06:33:51] mysqli_stmt_fetch returned: true
[2025-11-15 06:33:51] Found account: acc_id=AC2024-00827, acc_name=Jushtin Valdez, password_length=6
[2025-11-15 06:33:51] password_get_info algo=NULL, is_hash=0
[2025-11-15 06:33:51] plain compare result: 1 (len input=6, len stored=6)
[2025-11-15 06:33:51] Login success for acc_id=AC2024-00827
    [2025-11-15 07:33:30] Received login attempt for acc_id= (debug=0)
[2025-11-15 07:34:35] Received login attempt for acc_id=AC2024-00827 (debug=0)
[2025-11-15 07:35:09] Received login attempt for acc_id=AC2024-00827 (debug=0)
[2025-11-15 07:37:40] Received login attempt for acc_id=AC2024-00827 (debug=0)
[2025-11-15 07:37:40] Statement executed. num_rows=1
[2025-11-15 07:37:40] mysqli_stmt_fetch returned: true
[2025-11-15 07:37:40] Found account: acc_id=AC2024-00827, acc_name=Jushtin Valdez, password_length=6
[2025-11-15 07:37:40] password_get_info algo=NULL, is_hash=0
[2025-11-15 07:37:40] plain compare result: 1 (len input=6, len stored=6)
[2025-11-15 07:37:40] Login success for acc_id=AC2024-00827
[2025-11-15 07:41:33] Received login attempt for acc_id= (debug=0)
[2025-11-15 07:53:33] Received login attempt for acc_id=AC2024-00827 (debug=0)
[2025-11-15 07:53:33] Statement executed. num_rows=1
[2025-11-15 07:53:33] mysqli_stmt_fetch returned: true
[2025-11-15 07:53:33] Found account: acc_id=AC2024-00827, acc_name=Jushtin Valdez, password_length=6
[2025-11-15 07:53:33] password_get_info algo=NULL, is_hash=0
[2025-11-15 07:53:33] plain compare result: 1 (len input=6, len stored=6)
[2025-11-15 07:53:33] Login success for acc_id=AC2024-00827
[2025-11-15 07:56:20] Received login attempt for acc_id=AC2024-00827 (debug=0)
[2025-11-15 07:56:20] Statement executed. num_rows=1
[2025-11-15 07:56:20] mysqli_stmt_fetch returned: true
[2025-11-15 07:56:20] Found account: acc_id=AC2024-00827, acc_name=Jushtin Valdez, password_length=6
[2025-11-15 07:56:20] password_get_info algo=NULL, is_hash=0
[2025-11-15 07:56:20] plain compare result: 1 (len input=6, len stored=6)
[2025-11-15 07:56:20] Login success for acc_id=AC2024-00827
[2025-11-15 07:56:51] Received login attempt for acc_id= (debug=0)
[2025-11-15 07:57:35] Received login attempt for acc_id= (debug=0)
[2025-11-15 08:00:14] Received login attempt for acc_id= (debug=0)
[2025-11-15 08:06:14] Received login attempt for acc_id=AC2024-00827 (debug=0)
[2025-11-15 08:06:14] Statement executed. num_rows=1
[2025-11-15 08:06:14] mysqli_stmt_fetch returned: true
[2025-11-15 08:06:14] Found account: acc_id=AC2024-00827, acc_name=Jushtin Valdez, password_length=6
[2025-11-15 08:06:14] password_get_info algo=NULL, is_hash=0
[2025-11-15 08:06:14] plain compare result: 1 (len input=6, len stored=6)
[2025-11-15 08:06:14] Login success for acc_id=AC2024-00827
[2025-11-15 08:09:17] Received login attempt for acc_id=AC2024-00827 (debug=0)
[2025-11-15 08:09:17] Statement executed. num_rows=1
[2025-11-15 08:09:17] mysqli_stmt_fetch returned: true
[2025-11-15 08:09:17] Found account: acc_id=AC2024-00827, acc_name=Jushtin Valdez, password_length=6
[2025-11-15 08:09:17] password_get_info algo=NULL, is_hash=0
[2025-11-15 08:09:17] plain compare result: 1 (len input=6, len stored=6)
[2025-11-15 08:09:17] Login success for acc_id=AC2024-00827
[2025-11-15 08:12:13] Received login attempt for acc_id=AC2024-00827 (debug=0)
[2025-11-15 08:12:13] Statement executed. num_rows=1
[2025-11-15 08:12:13] mysqli_stmt_fetch returned: true
[2025-11-15 08:12:13] Found account: acc_id=AC2024-00827, acc_name=Jushtin Valdez, password_length=6
[2025-11-15 08:12:13] password_get_info algo=NULL, is_hash=0
[2025-11-15 08:12:13] plain compare result: 1 (len input=6, len stored=6)
[2025-11-15 08:12:13] Login success for acc_id=AC2024-00827
[2025-11-15 08:12:13] Received login attempt for acc_id=AC2024-00827 (debug=0)
[2025-11-15 08:12:13] Statement executed. num_rows=1
[2025-11-15 08:12:13] mysqli_stmt_fetch returned: true
[2025-11-15 08:12:13] Found account: acc_id=AC2024-00827, acc_name=Jushtin Valdez, password_length=6
[2025-11-15 08:12:13] password_get_info algo=NULL, is_hash=0
[2025-11-15 08:12:13] plain compare result: 1 (len input=6, len stored=6)
[2025-11-15 08:12:13] Login success for acc_id=AC2024-00827
[2025-11-15 08:12:34] Received login attempt for acc_id=dawd (debug=0)
[2025-11-15 08:12:34] Statement executed. num_rows=0
[2025-11-15 08:12:34] mysqli_stmt_fetch returned: false
[2025-11-15 08:12:34] No account found for acc_id=dawd
[2025-11-15 08:12:34] Received login attempt for acc_id=dawd (debug=0)
[2025-11-15 08:12:34] Statement executed. num_rows=0
[2025-11-15 08:12:34] mysqli_stmt_fetch returned: false
[2025-11-15 08:12:34] No account found for acc_id=dawd
[2025-11-15 08:12:38] Received login attempt for acc_id=AC2024-00827 (debug=0)
[2025-11-15 08:12:38] Statement executed. num_rows=1
[2025-11-15 08:12:38] mysqli_stmt_fetch returned: true
[2025-11-15 08:12:38] Found account: acc_id=AC2024-00827, acc_name=Jushtin Valdez, password_length=6
[2025-11-15 08:12:38] password_get_info algo=NULL, is_hash=0
[2025-11-15 08:12:38] plain compare result: 1 (len input=6, len stored=6)
[2025-11-15 08:12:38] Login success for acc_id=AC2024-00827
[2025-11-15 08:12:38] Received login attempt for acc_id=AC2024-00827 (debug=0)
[2025-11-15 08:12:38] Statement executed. num_rows=1
[2025-11-15 08:12:38] mysqli_stmt_fetch returned: true
[2025-11-15 08:12:38] Found account: acc_id=AC2024-00827, acc_name=Jushtin Valdez, password_length=6
[2025-11-15 08:12:38] password_get_info algo=NULL, is_hash=0
[2025-11-15 08:12:38] plain compare result: 1 (len input=6, len stored=6)
[2025-11-15 08:12:38] Login success for acc_id=AC2024-00827
[2025-11-15 08:13:12] Received login attempt for acc_id=adsad (debug=0)
[2025-11-15 08:13:12] Statement executed. num_rows=0
[2025-11-15 08:13:12] mysqli_stmt_fetch returned: false
[2025-11-15 08:13:12] No account found for acc_id=adsad
[2025-11-15 08:13:12] Received login attempt for acc_id=adsad (debug=0)
[2025-11-15 08:13:12] Statement executed. num_rows=0
[2025-11-15 08:13:12] mysqli_stmt_fetch returned: false
[2025-11-15 08:13:12] No account found for acc_id=adsad
[2025-11-15 08:14:07] Received login attempt for acc_id=AC2024-00827 (debug=0)
[2025-11-15 08:14:07] Statement executed. num_rows=1
[2025-11-15 08:14:07] mysqli_stmt_fetch returned: true
[2025-11-15 08:14:07] Found account: acc_id=AC2024-00827, acc_name=Jushtin Valdez, password_length=6
[2025-11-15 08:14:07] password_get_info algo=NULL, is_hash=0
[2025-11-15 08:14:07] plain compare result: 1 (len input=6, len stored=6)
[2025-11-15 08:14:07] Login success for acc_id=AC2024-00827
[2025-11-15 08:14:07] Received login attempt for acc_id=AC2024-00827 (debug=0)
[2025-11-15 08:14:07] Statement executed. num_rows=1
[2025-11-15 08:14:07] mysqli_stmt_fetch returned: true
[2025-11-15 08:14:07] Found account: acc_id=AC2024-00827, acc_name=Jushtin Valdez, password_length=6
[2025-11-15 08:14:07] password_get_info algo=NULL, is_hash=0
[2025-11-15 08:14:07] plain compare result: 1 (len input=6, len stored=6)
[2025-11-15 08:14:07] Login success for acc_id=AC2024-00827
[2025-11-15 08:14:20] Received login attempt for acc_id=AC2024-00827 (debug=0)
[2025-11-15 08:14:20] Statement executed. num_rows=1
[2025-11-15 08:14:20] mysqli_stmt_fetch returned: true
[2025-11-15 08:14:20] Found account: acc_id=AC2024-00827, acc_name=Jushtin Valdez, password_length=6
[2025-11-15 08:14:20] password_get_info algo=NULL, is_hash=0
[2025-11-15 08:14:20] plain compare result: 1 (len input=6, len stored=6)
[2025-11-15 08:14:20] Login success for acc_id=AC2024-00827
[2025-11-15 08:14:20] Received login attempt for acc_id=AC2024-00827 (debug=0)
[2025-11-15 08:14:20] Statement executed. num_rows=1
[2025-11-15 08:14:20] mysqli_stmt_fetch returned: true
[2025-11-15 08:14:20] Found account: acc_id=AC2024-00827, acc_name=Jushtin Valdez, password_length=6
[2025-11-15 08:14:20] password_get_info algo=NULL, is_hash=0
[2025-11-15 08:14:20] plain compare result: 1 (len input=6, len stored=6)
[2025-11-15 08:14:20] Login success for acc_id=AC2024-00827
[2025-11-15 08:15:48] Received login attempt for acc_id=AC2024-00827 (debug=0)
[2025-11-15 08:15:48] Statement executed. num_rows=1
[2025-11-15 08:15:48] mysqli_stmt_fetch returned: true
[2025-11-15 08:15:48] Found account: acc_id=AC2024-00827, acc_name=Jushtin Valdez, password_length=6
[2025-11-15 08:15:48] password_get_info algo=NULL, is_hash=0
[2025-11-15 08:15:48] plain compare result: 1 (len input=6, len stored=6)
[2025-11-15 08:15:48] Login success for acc_id=AC2024-00827
[2025-11-15 08:15:48] Received login attempt for acc_id=AC2024-00827 (debug=0)
[2025-11-15 08:15:48] Statement executed. num_rows=1
[2025-11-15 08:15:48] mysqli_stmt_fetch returned: true
[2025-11-15 08:15:48] Found account: acc_id=AC2024-00827, acc_name=Jushtin Valdez, password_length=6
[2025-11-15 08:15:48] password_get_info algo=NULL, is_hash=0
[2025-11-15 08:15:48] plain compare result: 1 (len input=6, len stored=6)
[2025-11-15 08:15:48] Login success for acc_id=AC2024-00827
[2025-11-15 08:16:13] Received login attempt for acc_id=AC2024-00827 (debug=0)
[2025-11-15 08:16:13] Statement executed. num_rows=1
[2025-11-15 08:16:13] mysqli_stmt_fetch returned: true
[2025-11-15 08:16:13] Found account: acc_id=AC2024-00827, acc_name=Jushtin Valdez, password_length=6
[2025-11-15 08:16:13] password_get_info algo=NULL, is_hash=0
[2025-11-15 08:16:13] plain compare result: 1 (len input=6, len stored=6)
[2025-11-15 08:16:13] Login success for acc_id=AC2024-00827
[2025-11-15 08:16:13] Received login attempt for acc_id=AC2024-00827 (debug=0)
[2025-11-15 08:16:13] Statement executed. num_rows=1
[2025-11-15 08:16:13] mysqli_stmt_fetch returned: true
[2025-11-15 08:16:13] Found account: acc_id=AC2024-00827, acc_name=Jushtin Valdez, password_length=6
[2025-11-15 08:16:13] password_get_info algo=NULL, is_hash=0
[2025-11-15 08:16:13] plain compare result: 1 (len input=6, len stored=6)
[2025-11-15 08:16:13] Login success for acc_id=AC2024-00827
[2025-11-15 08:16:28] Received login attempt for acc_id=AC2024-00827 (debug=0)
[2025-11-15 08:16:28] Statement executed. num_rows=1
[2025-11-15 08:16:28] mysqli_stmt_fetch returned: true
[2025-11-15 08:16:28] Found account: acc_id=AC2024-00827, acc_name=Jushtin Valdez, password_length=6
[2025-11-15 08:16:28] password_get_info algo=NULL, is_hash=0
[2025-11-15 08:16:28] plain compare result: 1 (len input=6, len stored=6)
[2025-11-15 08:16:28] Login success for acc_id=AC2024-00827
[2025-11-15 08:17:19] Received login attempt for acc_id=AC2024-00827 (debug=0)
[2025-11-15 08:17:19] Statement executed. num_rows=1
[2025-11-15 08:17:19] mysqli_stmt_fetch returned: true
[2025-11-15 08:17:19] Found account: acc_id=AC2024-00827, acc_name=Jushtin Valdez, password_length=6
[2025-11-15 08:17:19] password_get_info algo=NULL, is_hash=0
[2025-11-15 08:17:19] plain compare result: 0 (len input=6, len stored=6)
[2025-11-15 08:17:19] Login failed: incorrect password for acc_id=AC2024-00827
[2025-11-15 08:17:22] Received login attempt for acc_id=AC2024-00827 (debug=0)
[2025-11-15 08:17:22] Statement executed. num_rows=1
[2025-11-15 08:17:22] mysqli_stmt_fetch returned: true
[2025-11-15 08:17:22] Found account: acc_id=AC2024-00827, acc_name=Jushtin Valdez, password_length=6
[2025-11-15 08:17:22] password_get_info algo=NULL, is_hash=0
[2025-11-15 08:17:22] plain compare result: 1 (len input=6, len stored=6)
[2025-11-15 08:17:22] Login success for acc_id=AC2024-00827
[2025-11-15 08:18:03] Received login attempt for acc_id=AC2024-00827 (debug=0)
[2025-11-15 08:18:03] Statement executed. num_rows=1
[2025-11-15 08:18:03] mysqli_stmt_fetch returned: true
[2025-11-15 08:18:03] Found account: acc_id=AC2024-00827, acc_name=Jushtin Valdez, password_length=6
[2025-11-15 08:18:03] password_get_info algo=NULL, is_hash=0
[2025-11-15 08:18:03] plain compare result: 1 (len input=6, len stored=6)
[2025-11-15 08:18:03] Login success for acc_id=AC2024-00827
[2025-11-15 08:19:00] Received login attempt for acc_id=AC2024-00827 (debug=0)
[2025-11-15 08:19:00] Statement executed. num_rows=1
[2025-11-15 08:19:00] mysqli_stmt_fetch returned: true
[2025-11-15 08:19:00] Found account: acc_id=AC2024-00827, acc_name=Jushtin Valdez, password_length=6
[2025-11-15 08:19:00] password_get_info algo=NULL, is_hash=0
[2025-11-15 08:19:00] plain compare result: 1 (len input=6, len stored=6)
[2025-11-15 08:19:00] Login success for acc_id=AC2024-00827
[2025-11-15 08:27:29] Received login attempt for acc_id=AC2024-00827 (debug=0)
[2025-11-15 08:27:29] Statement executed. num_rows=1
[2025-11-15 08:27:29] mysqli_stmt_fetch returned: true
[2025-11-15 08:27:29] Found account: acc_id=AC2024-00827, acc_name=Jushtin Valdez, password_length=6
[2025-11-15 08:27:29] password_get_info algo=NULL, is_hash=0
[2025-11-15 08:27:29] plain compare result: 1 (len input=6, len stored=6)
[2025-11-15 08:27:29] Login success for acc_id=AC2024-00827
[2025-11-15 08:27:29] Received login attempt for acc_id=AC2024-00827 (debug=0)
[2025-11-15 08:27:29] Statement executed. num_rows=1
[2025-11-15 08:27:29] mysqli_stmt_fetch returned: true
[2025-11-15 08:27:29] Found account: acc_id=AC2024-00827, acc_name=Jushtin Valdez, password_length=6
[2025-11-15 08:27:29] password_get_info algo=NULL, is_hash=0
[2025-11-15 08:27:29] plain compare result: 1 (len input=6, len stored=6)
[2025-11-15 08:27:29] Login success for acc_id=AC2024-00827
[2025-11-15 08:28:27] Received login attempt for acc_id=AC2024-00827 (debug=0)
[2025-11-15 08:28:27] Statement executed. num_rows=1
[2025-11-15 08:28:27] mysqli_stmt_fetch returned: true
[2025-11-15 08:28:27] Found account: acc_id=AC2024-00827, acc_name=Jushtin Valdez, password_length=6
[2025-11-15 08:28:27] password_get_info algo=NULL, is_hash=0
[2025-11-15 08:28:27] plain compare result: 1 (len input=6, len stored=6)
[2025-11-15 08:28:27] Login success for acc_id=AC2024-00827
[2025-11-15 08:28:27] Received login attempt for acc_id=AC2024-00827 (debug=0)
[2025-11-15 08:28:27] Statement executed. num_rows=1
[2025-11-15 08:28:27] mysqli_stmt_fetch returned: true
[2025-11-15 08:28:27] Found account: acc_id=AC2024-00827, acc_name=Jushtin Valdez, password_length=6
[2025-11-15 08:28:27] password_get_info algo=NULL, is_hash=0
[2025-11-15 08:28:27] plain compare result: 1 (len input=6, len stored=6)
[2025-11-15 08:28:27] Login success for acc_id=AC2024-00827
[2025-11-15 08:28:39] Received login attempt for acc_id=dawdad (debug=0)
[2025-11-15 08:28:39] Statement executed. num_rows=0
[2025-11-15 08:28:39] mysqli_stmt_fetch returned: false
[2025-11-15 08:28:39] No account found for acc_id=dawdad
[2025-11-15 08:28:39] Received login attempt for acc_id=dawdad (debug=0)
[2025-11-15 08:28:39] Statement executed. num_rows=0
[2025-11-15 08:28:39] mysqli_stmt_fetch returned: false
[2025-11-15 08:28:39] No account found for acc_id=dawdad
[2025-11-15 08:28:45] Received login attempt for acc_id=AC2024-00827 (debug=0)
[2025-11-15 08:28:45] Statement executed. num_rows=1
[2025-11-15 08:28:45] mysqli_stmt_fetch returned: true
[2025-11-15 08:28:45] Found account: acc_id=AC2024-00827, acc_name=Jushtin Valdez, password_length=6
[2025-11-15 08:28:45] password_get_info algo=NULL, is_hash=0
[2025-11-15 08:28:45] plain compare result: 1 (len input=6, len stored=6)
[2025-11-15 08:28:45] Login success for acc_id=AC2024-00827
[2025-11-15 08:28:45] Received login attempt for acc_id=AC2024-00827 (debug=0)
[2025-11-15 08:28:45] Statement executed. num_rows=1
[2025-11-15 08:28:45] mysqli_stmt_fetch returned: true
[2025-11-15 08:28:45] Found account: acc_id=AC2024-00827, acc_name=Jushtin Valdez, password_length=6
[2025-11-15 08:28:45] password_get_info algo=NULL, is_hash=0
[2025-11-15 08:28:45] plain compare result: 1 (len input=6, len stored=6)
[2025-11-15 08:28:45] Login success for acc_id=AC2024-00827
[2025-11-15 08:31:21] Received login attempt for acc_id=AC2024-00827 (debug=0)
[2025-11-15 08:31:21] Statement executed. num_rows=1
[2025-11-15 08:31:21] mysqli_stmt_fetch returned: true
[2025-11-15 08:31:21] Found account: acc_id=AC2024-00827, acc_name=Jushtin Valdez, password_length=6
[2025-11-15 08:31:21] password_get_info algo=NULL, is_hash=0
[2025-11-15 08:31:21] plain compare result: 1 (len input=6, len stored=6)
[2025-11-15 08:31:21] Login success for acc_id=AC2024-00827
[2025-11-15 08:31:21] Received login attempt for acc_id=AC2024-00827 (debug=0)
[2025-11-15 08:31:21] Statement executed. num_rows=1
[2025-11-15 08:31:21] mysqli_stmt_fetch returned: true
[2025-11-15 08:31:21] Found account: acc_id=AC2024-00827, acc_name=Jushtin Valdez, password_length=6
[2025-11-15 08:31:21] password_get_info algo=NULL, is_hash=0
[2025-11-15 08:31:21] plain compare result: 1 (len input=6, len stored=6)
[2025-11-15 08:31:21] Login success for acc_id=AC2024-00827
[2025-11-15 08:32:04] Received login attempt for acc_id=AC2024-00827 (debug=0)
[2025-11-15 08:32:04] Statement executed. num_rows=1
[2025-11-15 08:32:04] mysqli_stmt_fetch returned: true
[2025-11-15 08:32:04] Found account: acc_id=AC2024-00827, acc_name=Jushtin Valdez, password_length=6
[2025-11-15 08:32:04] password_get_info algo=NULL, is_hash=0
[2025-11-15 08:32:04] plain compare result: 1 (len input=6, len stored=6)
[2025-11-15 08:32:04] Login success for acc_id=AC2024-00827
[2025-11-15 08:32:04] Received login attempt for acc_id=AC2024-00827 (debug=0)
[2025-11-15 08:32:04] Statement executed. num_rows=1
[2025-11-15 08:32:04] mysqli_stmt_fetch returned: true
[2025-11-15 08:32:04] Found account: acc_id=AC2024-00827, acc_name=Jushtin Valdez, password_length=6
[2025-11-15 08:32:04] password_get_info algo=NULL, is_hash=0
[2025-11-15 08:32:04] plain compare result: 1 (len input=6, len stored=6)
[2025-11-15 08:32:04] Login success for acc_id=AC2024-00827
[2025-11-15 08:38:49] Received login attempt for acc_id=AC2024-00827 (debug=0)
[2025-11-15 08:38:49] Statement executed. num_rows=1
[2025-11-15 08:38:49] mysqli_stmt_fetch returned: true
[2025-11-15 08:38:49] Found account: acc_id=AC2024-00827, acc_name=Jushtin Valdez, password_length=6
[2025-11-15 08:38:49] password_get_info algo=NULL, is_hash=0
[2025-11-15 08:38:49] plain compare result: 1 (len input=6, len stored=6)
[2025-11-15 08:38:49] Login success for acc_id=AC2024-00827
[2025-11-15 08:38:49] Received login attempt for acc_id=AC2024-00827 (debug=0)
[2025-11-15 08:38:49] Statement executed. num_rows=1
[2025-11-15 08:38:49] mysqli_stmt_fetch returned: true
[2025-11-15 08:38:49] Found account: acc_id=AC2024-00827, acc_name=Jushtin Valdez, password_length=6
[2025-11-15 08:38:49] password_get_info algo=NULL, is_hash=0
[2025-11-15 08:38:49] plain compare result: 1 (len input=6, len stored=6)
[2025-11-15 08:38:49] Login success for acc_id=AC2024-00827
[2025-11-18 18:38:29] Received login attempt for acc_id=AC2024-00827 (debug=0)
[2025-11-18 18:38:29] Statement executed. num_rows=1
[2025-11-18 18:38:29] mysqli_stmt_fetch returned: true
[2025-11-18 18:38:29] Found account: acc_id=AC2024-00827, acc_name=Jushtin Valdez, password_length=6
[2025-11-18 18:38:29] password_get_info algo=NULL, is_hash=0
[2025-11-18 18:38:29] plain compare result: 1 (len input=6, len stored=6)
[2025-11-18 18:38:29] Login success for acc_id=AC2024-00827
[2025-11-18 18:38:29] Received login attempt for acc_id=AC2024-00827 (debug=0)
[2025-11-18 18:38:29] Statement executed. num_rows=1
[2025-11-18 18:38:29] mysqli_stmt_fetch returned: true
[2025-11-18 18:38:29] Found account: acc_id=AC2024-00827, acc_name=Jushtin Valdez, password_length=6
[2025-11-18 18:38:29] password_get_info algo=NULL, is_hash=0
[2025-11-18 18:38:29] plain compare result: 1 (len input=6, len stored=6)
[2025-11-18 18:38:29] Login success for acc_id=AC2024-00827
[2025-11-24 09:27:29] Received login attempt for acc_id= (debug=0)
[2025-11-24 09:27:38] Received login attempt for acc_id= (debug=0)
[2025-11-24 09:27:39] Received login attempt for acc_id= (debug=0)
[2025-11-24 09:27:39] Received login attempt for acc_id= (debug=0)
[2025-11-24 09:27:39] Received login attempt for acc_id= (debug=0)
[2025-11-24 09:27:40] Received login attempt for acc_id= (debug=0)
[2025-11-24 09:27:40] Received login attempt for acc_id= (debug=0)
[2025-11-24 09:27:40] Received login attempt for acc_id= (debug=0)
[2025-11-24 11:13:34] Received login attempt for acc_id=acca (debug=0)
[2025-11-24 11:13:34] Statement executed. num_rows=1
[2025-11-24 11:13:34] mysqli_stmt_fetch returned: true
[2025-11-24 11:13:34] Found account: acc_id=acca, acc_name=burat, password_length=3
[2025-11-24 11:13:34] password_get_info algo=NULL, is_hash=0
[2025-11-24 11:13:34] plain compare result: 0 (len input=5, len stored=3)
[2025-11-24 11:13:34] Login failed: incorrect password for acc_id=acca
[2025-11-24 11:13:36] Received login attempt for acc_id=acca (debug=0)
[2025-11-24 11:13:36] Statement executed. num_rows=1
[2025-11-24 11:13:36] mysqli_stmt_fetch returned: true
[2025-11-24 11:13:36] Found account: acc_id=acca, acc_name=burat, password_length=3
[2025-11-24 11:13:36] password_get_info algo=NULL, is_hash=0
[2025-11-24 11:13:36] plain compare result: 1 (len input=3, len stored=3)
[2025-11-24 11:13:36] Login success for acc_id=acca
